Using pre-set license
Built from '2020.3/staging' branch; Version is '2020.3.16f1 (049d6eca3c44) revision 302446'; Using compiler version '192528614'; Build Type 'Release'
OS: 'Windows 10 Home; OS build 22000.556; Version 2009; 64bit' Language: 'en' Physical Memory: 16234 MB
BatchMode: 1, IsHumanControllingUs: 0, StartBugReporterOnCrash: 0, Is64bit: 1, IsPro: 0

 COMMAND LINE ARGUMENTS:
C:\Users\sethg\Desktop\Game Algorithms\Unity\2020.3.16f1\Editor\Unity.exe
-adb2
-batchMode
-noUpm
-name
AssetImportWorker0
-projectPath
C:/Users/sethg/Desktop/S1_GAM1569_Grinstead_Seth_Midterm
-logFile
Logs/AssetImportWorker0.log
-srvPort
60886
Successfully changed project path to: C:/Users/sethg/Desktop/S1_GAM1569_Grinstead_Seth_Midterm
C:/Users/sethg/Desktop/S1_GAM1569_Grinstead_Seth_Midterm
Using Asset Import Pipeline V2.
Refreshing native plugins compatible for Editor in 31.23 ms, found 2 plugins.
Preloading 0 native plugins for Editor in 0.00 ms.
Initialize engine version: 2020.3.16f1 (049d6eca3c44)
[Subsystems] Discovering subsystems at path C:/Users/sethg/Desktop/Game Algorithms/Unity/2020.3.16f1/Editor/Data/Resources/UnitySubsystems
[Subsystems] Discovering subsystems at path C:/Users/sethg/Desktop/S1_GAM1569_Grinstead_Seth_Midterm/Assets
GfxDevice: creating device client; threaded=0
Direct3D:
    Version:  Direct3D 11.0 [level 11.1]
    Renderer: NVIDIA GeForce GTX 1060 (ID=0x1c20)
    Vendor:   
    VRAM:     6052 MB
    Driver:   27.21.14.5763
Initialize mono
Mono path[0] = 'C:/Users/sethg/Desktop/Game Algorithms/Unity/2020.3.16f1/Editor/Data/Managed'
Mono path[1] = 'C:/Users/sethg/Desktop/Game Algorithms/Unity/2020.3.16f1/Editor/Data/MonoBleedingEdge/lib/mono/unityjit'
Mono config path = 'C:/Users/sethg/Desktop/Game Algorithms/Unity/2020.3.16f1/Editor/Data/MonoBleedingEdge/etc'
Using monoOptions --debugger-agent=transport=dt_socket,embedding=1,server=y,suspend=n,address=127.0.0.1:56380
Begin MonoManager ReloadAssembly
Registering precompiled unity dll's ...
Register platform support module: C:/Users/sethg/Desktop/Game Algorithms/Unity/2020.3.16f1/Editor/Data/PlaybackEngines/WindowsStandaloneSupport/UnityEditor.WindowsStandalone.Extensions.dll
Registered in 0.002209 seconds.
Native extension for WindowsStandalone target not found
Refreshing native plugins compatible for Editor in 27.24 ms, found 2 plugins.
Preloading 0 native plugins for Editor in 0.00 ms.
Mono: successfully reloaded assembly
- Completed reload, in  2.582 seconds
Domain Reload Profiling:
	ReloadAssembly (2582ms)
		BeginReloadAssembly (59ms)
			ExecutionOrderSort (0ms)
			DisableScriptedObjects (0ms)
			BackupInstance (0ms)
			ReleaseScriptingObjects (0ms)
			CreateAndSetChildDomain (1ms)
		EndReloadAssembly (453ms)
			LoadAssemblies (57ms)
			RebuildTransferFunctionScriptingTraits (0ms)
			SetupTypeCache (171ms)
			ReleaseScriptCaches (0ms)
			RebuildScriptCaches (33ms)
			SetupLoadedEditorAssemblies (173ms)
				LogAssemblyErrors (0ms)
				InitializePlatformSupportModulesInManaged (5ms)
				SetLoadedEditorAssemblies (0ms)
				RefreshPlugins (27ms)
				BeforeProcessingInitializeOnLoad (17ms)
				ProcessInitializeOnLoadAttributes (86ms)
				ProcessInitializeOnLoadMethodAttributes (38ms)
				AfterProcessingInitializeOnLoad (0ms)
				EditorAssembliesLoaded (0ms)
			ExecutionOrderSort2 (0ms)
			AwakeInstancesAfterBackupRestoration (0ms)
Platform modules already initialized, skipping
Registering precompiled user dll's ...
Registered in 0.005038 seconds.
Begin MonoManager ReloadAssembly
Native extension for WindowsStandalone target not found
Refreshing native plugins compatible for Editor in 0.31 ms, found 2 plugins.
Preloading 0 native plugins for Editor in 0.00 ms.
Mono: successfully reloaded assembly
- Completed reload, in  1.324 seconds
Domain Reload Profiling:
	ReloadAssembly (1325ms)
		BeginReloadAssembly (158ms)
			ExecutionOrderSort (0ms)
			DisableScriptedObjects (7ms)
			BackupInstance (0ms)
			ReleaseScriptingObjects (0ms)
			CreateAndSetChildDomain (21ms)
		EndReloadAssembly (1102ms)
			LoadAssemblies (98ms)
			RebuildTransferFunctionScriptingTraits (0ms)
			SetupTypeCache (386ms)
			ReleaseScriptCaches (0ms)
			RebuildScriptCaches (47ms)
			SetupLoadedEditorAssemblies (469ms)
				LogAssemblyErrors (0ms)
				InitializePlatformSupportModulesInManaged (5ms)
				SetLoadedEditorAssemblies (1ms)
				RefreshPlugins (0ms)
				BeforeProcessingInitializeOnLoad (82ms)
				ProcessInitializeOnLoadAttributes (364ms)
				ProcessInitializeOnLoadMethodAttributes (6ms)
				AfterProcessingInitializeOnLoad (11ms)
				EditorAssembliesLoaded (0ms)
			ExecutionOrderSort2 (0ms)
			AwakeInstancesAfterBackupRestoration (12ms)
Platform modules already initialized, skipping
========================================================================
Worker process is ready to serve import requests
Launched and connected shader compiler UnityShaderCompiler.exe after 0.10 seconds
Refreshing native plugins compatible for Editor in 0.44 ms, found 2 plugins.
Preloading 0 native plugins for Editor in 0.00 ms.
Unloading 1407 Unused Serialized files (Serialized files now loaded: 0)
System memory in use before: 66.1 MB.
System memory in use after: 66.1 MB.

Unloading 18 unused Assets to reduce memory usage. Loaded Objects now: 1841.
Total: 4.403500 ms (FindLiveObjects: 0.171300 ms CreateObjectMapping: 0.054200 ms MarkObjects: 4.074300 ms  DeleteObjects: 0.101200 ms)

AssetImportParameters requested are different than current active one (requested -> active):
  custom:framework-win-MediaFoundation: 216162199b28c13a410421893ffa2e32 -> 
  custom:video-decoder-ogg-theora: a1e56fd34408186e4bbccfd4996cb3dc -> 
  custom:container-muxer-webm: aa71ff27fc2769a1b78a27578f13a17b -> 
  custom:container-demuxer-webm: 4f35f7cbe854078d1ac9338744f61a02 -> 
  custom:container-demuxer-ogg: 62fdf1f143b41e24485cea50d1cbac27 -> 
  custom:video-encoder-webm-vp8: eb34c28f22e8b96e1ab97ce403110664 -> 
  custom:video-codec-MediaFoundation-h265: 746d11721c4dcdbdad8f713fa42b33f4 -> 
  custom:video-decoder-webm-vp8: 9c59270c3fd7afecdb556c50c9e8de78 -> 
  custom:audio-decoder-ogg-vorbis: bf7c407c2cedff20999df2af8eb42d56 -> 
  custom:audio-encoder-webm-vorbis: bf7c407c2cedff20999df2af8eb42d56 -> 
========================================================================
Received Import Request.
  path: Assets/Scripts/Debugging
  artifactKey: Guid(3c16f14a894af634796b80ec3c7a5acf) Importer(815301076,1909f56bfc062723c751e8b465ee728b)
Start importing Assets/Scripts/Debugging using Guid(3c16f14a894af634796b80ec3c7a5acf) Importer(815301076,1909f56bfc062723c751e8b465ee728b)  -> (artifact id: '87219389ab19c8c6ddfab6d49f7ab1a3') in 0.014324 seconds 
  Import took 0.020150 seconds .

========================================================================
Received Import Request.
  Time since last request: 0.000324 seconds.
  path: Assets/Scripts/Debugging/DebugUtils.cs
  artifactKey: Guid(af9adb43605b5cc49b840d66cb26d7a2) Importer(815301076,1909f56bfc062723c751e8b465ee728b)
Start importing Assets/Scripts/Debugging/DebugUtils.cs using Guid(af9adb43605b5cc49b840d66cb26d7a2) Importer(815301076,1909f56bfc062723c751e8b465ee728b)  -> (artifact id: '452e36344368805db10e63de844b2f8b') in 0.055309 seconds 
  Import took 0.059036 seconds .

========================================================================
Received Import Request.
  Time since last request: 0.000305 seconds.
  path: Assets/Scenes
  artifactKey: Guid(4f704ae4b4f98ae41a0bce26658850c1) Importer(815301076,1909f56bfc062723c751e8b465ee728b)
Start importing Assets/Scenes using Guid(4f704ae4b4f98ae41a0bce26658850c1) Importer(815301076,1909f56bfc062723c751e8b465ee728b)  -> (artifact id: '8208fd568ee2d33985b5310927ecacb9') in 0.013383 seconds 
  Import took 0.018021 seconds .

========================================================================
Received Prepare
Refreshing native plugins compatible for Editor in 4.51 ms, found 2 plugins.
Preloading 0 native plugins for Editor in 0.00 ms.
Unloading 11 Unused Serialized files (Serialized files now loaded: 0)
System memory in use before: 38.1 MB.
System memory in use after: 38.2 MB.

Unloading 11 unused Assets to reduce memory usage. Loaded Objects now: 1841.
Total: 4.603300 ms (FindLiveObjects: 0.335900 ms CreateObjectMapping: 0.190600 ms MarkObjects: 4.052500 ms  DeleteObjects: 0.022900 ms)

AssetImportParameters requested are different than current active one (requested -> active):
  custom:framework-win-MediaFoundation: 216162199b28c13a410421893ffa2e32 -> 
  custom:video-decoder-ogg-theora: a1e56fd34408186e4bbccfd4996cb3dc -> 
  custom:container-muxer-webm: aa71ff27fc2769a1b78a27578f13a17b -> 
  custom:container-demuxer-webm: 4f35f7cbe854078d1ac9338744f61a02 -> 
  custom:container-demuxer-ogg: 62fdf1f143b41e24485cea50d1cbac27 -> 
  custom:video-encoder-webm-vp8: eb34c28f22e8b96e1ab97ce403110664 -> 
  custom:video-codec-MediaFoundation-h265: 746d11721c4dcdbdad8f713fa42b33f4 -> 
  custom:video-decoder-webm-vp8: 9c59270c3fd7afecdb556c50c9e8de78 -> 
  custom:audio-decoder-ogg-vorbis: bf7c407c2cedff20999df2af8eb42d56 -> 
  custom:audio-encoder-webm-vorbis: bf7c407c2cedff20999df2af8eb42d56 -> 
========================================================================
Received Import Request.
  Time since last request: 10.609609 seconds.
  path: Assets/Scripts/Gameplay/Ball.cs
  artifactKey: Guid(de1221eeefc8f864fbdf58024c8213c9) Importer(815301076,1909f56bfc062723c751e8b465ee728b)
Start importing Assets/Scripts/Gameplay/Ball.cs using Guid(de1221eeefc8f864fbdf58024c8213c9) Importer(815301076,1909f56bfc062723c751e8b465ee728b)  -> (artifact id: '90c95fd98e73a07af4182baca67fafac') in 0.007787 seconds 
  Import took 0.010623 seconds .

========================================================================
Received Import Request.
  Time since last request: 0.023944 seconds.
  path: Assets/Scripts/Gameplay/Ball.cs
  artifactKey: Guid(de1221eeefc8f864fbdf58024c8213c9) Importer(815301076,1909f56bfc062723c751e8b465ee728b)
Start importing Assets/Scripts/Gameplay/Ball.cs using Guid(de1221eeefc8f864fbdf58024c8213c9) Importer(815301076,1909f56bfc062723c751e8b465ee728b)  -> (artifact id: '90c95fd98e73a07af4182baca67fafac') in 0.002792 seconds 
  Import took 0.005731 seconds .

========================================================================
Received Import Request.
  Time since last request: 0.307328 seconds.
  path: Assets/Scripts/Gameplay/Game.cs
  artifactKey: Guid(1b14c9df6531e41499d6132b52a5e5c9) Importer(815301076,1909f56bfc062723c751e8b465ee728b)
Start importing Assets/Scripts/Gameplay/Game.cs using Guid(1b14c9df6531e41499d6132b52a5e5c9) Importer(815301076,1909f56bfc062723c751e8b465ee728b)  -> (artifact id: '7b9e2e5b5fb391f6a427ecdfba3e7171') in 0.006567 seconds 
  Import took 0.009766 seconds .

========================================================================
Received Import Request.
  Time since last request: 0.002190 seconds.
  path: Assets/Scripts/Gameplay/Game.cs
  artifactKey: Guid(1b14c9df6531e41499d6132b52a5e5c9) Importer(815301076,1909f56bfc062723c751e8b465ee728b)
Start importing Assets/Scripts/Gameplay/Game.cs using Guid(1b14c9df6531e41499d6132b52a5e5c9) Importer(815301076,1909f56bfc062723c751e8b465ee728b)  -> (artifact id: '7b9e2e5b5fb391f6a427ecdfba3e7171') in 0.003411 seconds 
  Import took 0.007623 seconds .

========================================================================
Received Import Request.
  Time since last request: 0.282862 seconds.
  path: Assets/Scripts/Gameplay/Paddle.cs
  artifactKey: Guid(0394dc51ef88e7a43baf59fbba052605) Importer(815301076,1909f56bfc062723c751e8b465ee728b)
Start importing Assets/Scripts/Gameplay/Paddle.cs using Guid(0394dc51ef88e7a43baf59fbba052605) Importer(815301076,1909f56bfc062723c751e8b465ee728b)  -> (artifact id: '0d5dbe3c05a6007dad8d6f9ef978417b') in 0.005872 seconds 
  Import took 0.009785 seconds .

========================================================================
Received Import Request.
  Time since last request: 0.002265 seconds.
  path: Assets/Scripts/Gameplay/Paddle.cs
  artifactKey: Guid(0394dc51ef88e7a43baf59fbba052605) Importer(815301076,1909f56bfc062723c751e8b465ee728b)
Start importing Assets/Scripts/Gameplay/Paddle.cs using Guid(0394dc51ef88e7a43baf59fbba052605) Importer(815301076,1909f56bfc062723c751e8b465ee728b)  -> (artifact id: '0d5dbe3c05a6007dad8d6f9ef978417b') in 0.003902 seconds 
  Import took 0.008832 seconds .

========================================================================
Received Import Request.
  Time since last request: 6.591028 seconds.
  path: Assets/Shaders/SurfaceShader.shader
  artifactKey: Guid(60d288ed232fc4446be2bffe16ed80d5) Importer(815301076,1909f56bfc062723c751e8b465ee728b)
Start importing Assets/Shaders/SurfaceShader.shader using Guid(60d288ed232fc4446be2bffe16ed80d5) Importer(815301076,1909f56bfc062723c751e8b465ee728b)  -> (artifact id: '207105c71715994790b627bf5dcd2c66') in 0.056676 seconds 
  Import took 0.059599 seconds .

========================================================================
Received Import Request.
  Time since last request: 0.001479 seconds.
  path: Assets/Shaders/SurfaceShader.shader
  artifactKey: Guid(60d288ed232fc4446be2bffe16ed80d5) Importer(815301076,1909f56bfc062723c751e8b465ee728b)
Start importing Assets/Shaders/SurfaceShader.shader using Guid(60d288ed232fc4446be2bffe16ed80d5) Importer(815301076,1909f56bfc062723c751e8b465ee728b)  -> (artifact id: '207105c71715994790b627bf5dcd2c66') in 0.003152 seconds 
  Import took 0.005319 seconds .

========================================================================
Received Prepare
Refreshing native plugins compatible for Editor in 5.59 ms, found 2 plugins.
Preloading 0 native plugins for Editor in 0.00 ms.
Unloading 11 Unused Serialized files (Serialized files now loaded: 0)
System memory in use before: 38.1 MB.
System memory in use after: 38.3 MB.

Unloading 11 unused Assets to reduce memory usage. Loaded Objects now: 1841.
Total: 3.344000 ms (FindLiveObjects: 0.149200 ms CreateObjectMapping: 0.041600 ms MarkObjects: 3.137000 ms  DeleteObjects: 0.015300 ms)

AssetImportParameters requested are different than current active one (requested -> active):
  custom:framework-win-MediaFoundation: 216162199b28c13a410421893ffa2e32 -> 
  custom:video-decoder-ogg-theora: a1e56fd34408186e4bbccfd4996cb3dc -> 
  custom:container-muxer-webm: aa71ff27fc2769a1b78a27578f13a17b -> 
  custom:container-demuxer-webm: 4f35f7cbe854078d1ac9338744f61a02 -> 
  custom:container-demuxer-ogg: 62fdf1f143b41e24485cea50d1cbac27 -> 
  custom:video-encoder-webm-vp8: eb34c28f22e8b96e1ab97ce403110664 -> 
  custom:video-codec-MediaFoundation-h265: 746d11721c4dcdbdad8f713fa42b33f4 -> 
  custom:video-decoder-webm-vp8: 9c59270c3fd7afecdb556c50c9e8de78 -> 
  custom:audio-decoder-ogg-vorbis: bf7c407c2cedff20999df2af8eb42d56 -> 
  custom:audio-encoder-webm-vorbis: bf7c407c2cedff20999df2af8eb42d56 -> 
AssetImportWorkerClient::OnTransportError - code=2 error=End of file
